<?xml version="1.0" encoding="utf-8"?><testsuites name="pytest tests"><testsuite name="pytest" errors="0" failures="0" skipped="0" tests="13" time="14.286" timestamp="2026-07-09T19:45:56.996831+00:00" hostname="agent-env-05c27156-ab1c-4409-aa87-aa9dfe8b9cb4"><testcase classname="backend.tests.test_cleanup_iteration_21.TestHealth" name="test_health_api" time="0.228" /><testcase classname="backend.tests.test_cleanup_iteration_21.TestComplaintValidator" name="test_20_char_single_word_accepted" time="2.703" /><testcase classname="backend.tests.test_cleanup_iteration_21.TestComplaintValidator" name="test_15_char_rejected_with_char_message" time="1.714" /><testcase classname="backend.tests.test_cleanup_iteration_21.TestComplaintValidator" name="test_empty_whatsapp_rejected" time="1.315" /><testcase classname="backend.tests.test_cleanup_iteration_21.TestPaymentScreenshotAndStatus" name="test_payment_screenshot_no_nameerror" time="1.811" /><testcase classname="backend.tests.test_cleanup_iteration_21.TestPaymentScreenshotAndStatus" name="test_status_update_no_nameerror" time="1.646" /><testcase classname="backend.tests.test_cleanup_iteration_21.TestSmtpSettings" name="test_smtp_get" time="0.106" /><testcase classname="backend.tests.test_cleanup_iteration_21.TestPromoCodeCreation" name="test_create_and_get_promo" time="0.333" /><testcase classname="backend.tests.test_cleanup_iteration_21.TestChatbot" name="test_chat_no_nameerror" time="2.145" /><testcase classname="backend.tests.test_cleanup_iteration_21.TestSiteSettingsValidation" name="test_tax_negative_rejected" time="0.131" /><testcase classname="backend.tests.test_cleanup_iteration_21.TestSiteSettingsValidation" name="test_tax_above_100_rejected" time="0.102" /><testcase classname="backend.tests.test_cleanup_iteration_21.TestSiteSettingsValidation" name="test_tax_valid_merged" time="0.224" /><testcase classname="backend.tests.test_cleanup_iteration_21.TestOrderCreateRegression" name="test_full_order_flow" time="1.761" /></testsuite></testsuites>