<?xml version="1.0" encoding="utf-8"?><testsuites name="pytest tests"><testsuite name="pytest" errors="0" failures="0" skipped="0" tests="9" time="10.955" timestamp="2026-07-10T04:08:20.961595+00:00" hostname="agent-env-05c27156-ab1c-4409-aa87-aa9dfe8b9cb4"><testcase classname="backend.tests.test_order_security.TestExploitReproduction" name="test_fake_variation_id_and_name_rejected" time="0.266" /><testcase classname="backend.tests.test_order_security.TestExploitReproduction" name="test_missing_product_id_rejected" time="0.128" /><testcase classname="backend.tests.test_order_security.TestExploitReproduction" name="test_fake_product_id_rejected" time="0.141" /><testcase classname="backend.tests.test_order_security.TestTighterTolerance" name="test_160_rejected_below_new_floor" time="0.097" /><testcase classname="backend.tests.test_order_security.TestTighterTolerance" name="test_178_accepted_at_absolute_floor" time="1.514" /><testcase classname="backend.tests.test_order_security.TestTighterTolerance" name="test_180_exact_accepted" time="1.256" /><testcase classname="backend.tests.test_order_security.TestRateLimit" name="test_fourth_order_from_same_ip_returns_429" time="4.470" /><testcase classname="backend.tests.test_order_security.TestBlocklist" name="test_blocked_ip_cannot_place_order" time="1.377" /><testcase classname="backend.tests.test_order_security.TestValidOrderRegression" name="test_rs_180_still_succeeds" time="1.596" /></testsuite></testsuites>