<?xml version="1.0" encoding="utf-8"?><testsuites name="pytest tests"><testsuite name="pytest" errors="0" failures="0" skipped="0" tests="2" time="0.117" timestamp="2026-07-09T19:16:12.778361+00:00" hostname="agent-env-05c27156-ab1c-4409-aa87-aa9dfe8b9cb4"><testcase classname="backend.tests.test_order_cleanup" name="test_cleanup_deletes_old_pending_orders" time="0.016" /><testcase classname="backend.tests.test_order_cleanup" name="test_cleanup_is_idempotent" time="0.007" /></testsuite></testsuites>