<?xml version="1.0" encoding="utf-8"?><testsuites name="pytest tests"><testsuite name="pytest" errors="0" failures="0" skipped="0" tests="7" time="1.676" timestamp="2026-07-09T19:28:06.225811+00:00" hostname="agent-env-05c27156-ab1c-4409-aa87-aa9dfe8b9cb4"><testcase classname="backend.tests.test_order_cleanup" name="test_cleanup_deletes_old_pending_orders" time="0.016" /><testcase classname="backend.tests.test_order_cleanup" name="test_cleanup_is_idempotent" time="0.007" /><testcase classname="backend.tests.test_create_order_ip" name="test_create_order_success_returns_200_with_uuid" time="1.109" /><testcase classname="backend.tests.test_create_order_ip" name="test_create_order_rejects_price_manipulation" time="0.108" /><testcase classname="backend.tests.test_create_order_ip" name="test_create_order_rejects_zero_total" time="0.100" /><testcase classname="backend.tests.test_create_order_ip" name="test_create_order_rejects_empty_phone" time="0.102" /><testcase classname="backend.tests.test_create_order_ip" name="test_create_order_rejects_empty_email" time="0.103" /></testsuite></testsuites>