<?xml version="1.0" encoding="utf-8"?><testsuites name="pytest tests"><testsuite name="pytest" errors="0" failures="0" skipped="0" tests="5" time="2.149" timestamp="2026-07-09T19:15:47.856291+00:00" hostname="agent-env-05c27156-ab1c-4409-aa87-aa9dfe8b9cb4"><testcase classname="backend.tests.test_create_order_ip" name="test_create_order_success_returns_200_with_uuid" time="1.493" /><testcase classname="backend.tests.test_create_order_ip" name="test_create_order_rejects_price_manipulation" time="0.158" /><testcase classname="backend.tests.test_create_order_ip" name="test_create_order_rejects_zero_total" time="0.129" /><testcase classname="backend.tests.test_create_order_ip" name="test_create_order_rejects_empty_phone" time="0.109" /><testcase classname="backend.tests.test_create_order_ip" name="test_create_order_rejects_empty_email" time="0.128" /></testsuite></testsuites>