<?xml version="1.0" encoding="utf-8"?><testsuites name="pytest tests"><testsuite name="pytest" errors="0" failures="0" skipped="0" tests="38" time="31.920" timestamp="2026-07-10T04:14:32.290961+00:00" hostname="agent-env-05c27156-ab1c-4409-aa87-aa9dfe8b9cb4"><testcase classname="tests.test_order_cleanup" name="test_cleanup_deletes_old_pending_orders" time="0.018" /><testcase classname="tests.test_order_cleanup" name="test_cleanup_is_idempotent" time="0.008" /><testcase classname="tests.test_create_order_ip" name="test_create_order_success_returns_200_with_uuid" time="1.422" /><testcase classname="tests.test_create_order_ip" name="test_create_order_rejects_price_manipulation" time="0.102" /><testcase classname="tests.test_create_order_ip" name="test_create_order_rejects_zero_total" time="0.122" /><testcase classname="tests.test_create_order_ip" name="test_create_order_rejects_empty_phone" time="0.101" /><testcase classname="tests.test_create_order_ip" name="test_create_order_rejects_empty_email" time="0.118" /><testcase classname="tests.test_order_tax_settings" name="test_default_settings_stores_exact_total_180" time="1.056" /><testcase classname="tests.test_order_tax_settings" name="test_tax_10_service_5_stores_203" time="1.391" /><testcase classname="tests.test_order_tax_settings" name="test_default_settings_price_manipulation_rejected" time="0.109" /><testcase classname="tests.test_order_tax_settings" name="test_tax_10_service_5_below_floor_rejected" time="0.107" /><testcase classname="tests.test_order_tax_settings" name="test_tax_10_service_5_within_floor_accepted" time="1.299" /><testcase classname="tests.test_order_tax_settings" name="test_zero_total_still_rejected" time="0.136" /><testcase classname="tests.test_order_tax_settings" name="test_missing_settings_doc_falls_back_to_zero" time="1.207" /><testcase classname="tests.test_order_tax_settings" name="test_admin_can_read_and_update_settings" time="0.668" /><testcase classname="tests.test_order_tax_settings" name="test_admin_settings_requires_auth" time="0.135" /><testcase classname="tests.test_cleanup_iteration_21.TestHealth" name="test_health_api" time="0.125" /><testcase classname="tests.test_cleanup_iteration_21.TestComplaintValidator" name="test_20_char_single_word_accepted" time="2.986" /><testcase classname="tests.test_cleanup_iteration_21.TestComplaintValidator" name="test_15_char_rejected_with_char_message" time="1.718" /><testcase classname="tests.test_cleanup_iteration_21.TestComplaintValidator" name="test_empty_whatsapp_rejected" time="1.418" /><testcase classname="tests.test_cleanup_iteration_21.TestPaymentScreenshotAndStatus" name="test_payment_screenshot_no_nameerror" time="2.192" /><testcase classname="tests.test_cleanup_iteration_21.TestPaymentScreenshotAndStatus" name="test_status_update_no_nameerror" time="1.834" /><testcase classname="tests.test_cleanup_iteration_21.TestSmtpSettings" name="test_smtp_get" time="0.108" /><testcase classname="tests.test_cleanup_iteration_21.TestPromoCodeCreation" name="test_create_and_get_promo" time="0.309" /><testcase classname="tests.test_cleanup_iteration_21.TestChatbot" name="test_chat_no_nameerror" time="0.843" /><testcase classname="tests.test_cleanup_iteration_21.TestSiteSettingsValidation" name="test_tax_negative_rejected" time="0.100" /><testcase classname="tests.test_cleanup_iteration_21.TestSiteSettingsValidation" name="test_tax_above_100_rejected" time="0.106" /><testcase classname="tests.test_cleanup_iteration_21.TestSiteSettingsValidation" name="test_tax_valid_merged" time="0.209" /><testcase classname="tests.test_cleanup_iteration_21.TestOrderCreateRegression" name="test_full_order_flow" time="1.318" /><testcase classname="tests.test_order_security.TestExploitReproduction" name="test_fake_variation_id_and_name_rejected" time="0.112" /><testcase classname="tests.test_order_security.TestExploitReproduction" name="test_missing_product_id_rejected" time="0.133" /><testcase classname="tests.test_order_security.TestExploitReproduction" name="test_fake_product_id_rejected" time="0.101" /><testcase classname="tests.test_order_security.TestTighterTolerance" name="test_160_rejected_below_new_floor" time="0.101" /><testcase classname="tests.test_order_security.TestTighterTolerance" name="test_178_accepted_at_absolute_floor" time="1.472" /><testcase classname="tests.test_order_security.TestTighterTolerance" name="test_180_exact_accepted" time="1.357" /><testcase classname="tests.test_order_security.TestRateLimit" name="test_fourth_order_from_same_ip_returns_429" time="4.351" /><testcase classname="tests.test_order_security.TestBlocklist" name="test_blocked_ip_cannot_place_order" time="1.825" /><testcase classname="tests.test_order_security.TestValidOrderRegression" name="test_rs_180_still_succeeds" time="1.073" /></testsuite></testsuites>