<?xml version="1.0" encoding="utf-8"?><testsuites name="pytest tests"><testsuite name="pytest" errors="4" failures="3" skipped="0" tests="29" time="10.093" timestamp="2026-07-10T04:08:40.833956+00:00" hostname="agent-env-05c27156-ab1c-4409-aa87-aa9dfe8b9cb4"><testcase classname="backend.tests.test_order_cleanup" name="test_cleanup_deletes_old_pending_orders" time="0.018" /><testcase classname="backend.tests.test_order_cleanup" name="test_cleanup_is_idempotent" time="0.008" /><testcase classname="backend.tests.test_create_order_ip" name="test_create_order_success_returns_200_with_uuid" time="1.612" /><testcase classname="backend.tests.test_create_order_ip" name="test_create_order_rejects_price_manipulation" time="0.114" /><testcase classname="backend.tests.test_create_order_ip" name="test_create_order_rejects_zero_total" time="0.137" /><testcase classname="backend.tests.test_create_order_ip" name="test_create_order_rejects_empty_phone" time="0.103" /><testcase classname="backend.tests.test_create_order_ip" name="test_create_order_rejects_empty_email" time="0.101" /><testcase classname="backend.tests.test_order_tax_settings" name="test_default_settings_stores_exact_total_180" time="1.159" /><testcase classname="backend.tests.test_order_tax_settings" name="test_tax_10_service_5_stores_203" time="1.132" /><testcase classname="backend.tests.test_order_tax_settings" name="test_default_settings_price_manipulation_rejected" time="0.102" /><testcase classname="backend.tests.test_order_tax_settings" name="test_tax_10_service_5_below_floor_rejected" time="0.106" /><testcase classname="backend.tests.test_order_tax_settings" name="test_tax_10_service_5_within_floor_accepted" time="0.107"><failure message="AssertionError: Expected 200, got 400: {&quot;detail&quot;:&quot;Order total mismatch. Please refresh the page and try again.&quot;}&#10;assert 400 == 200&#10; +  where 400 = &lt;Response [400]&gt;.status_code">backend/tests/test_order_tax_settings.py:207: in test_tax_10_service_5_within_floor_accepted
    assert resp.status_code == 200, f"Expected 200, got {resp.status_code}: {resp.text}"
E   AssertionError: Expected 200, got 400: {"detail":"Order total mismatch. Please refresh the page and try again."}
E   assert 400 == 200
E    +  where 400 = &lt;Response [400]&gt;.status_code</failure></testcase><testcase classname="backend.tests.test_order_tax_settings" name="test_zero_total_still_rejected" time="0.110" /><testcase classname="backend.tests.test_order_tax_settings" name="test_missing_settings_doc_falls_back_to_zero" time="1.219" /><testcase classname="backend.tests.test_order_tax_settings" name="test_admin_can_read_and_update_settings" time="0.685" /><testcase classname="backend.tests.test_order_tax_settings" name="test_admin_settings_requires_auth" time="0.213" /><testcase classname="backend.tests.test_cleanup_iteration_21.TestHealth" name="test_health_api" time="0.111" /><testcase classname="backend.tests.test_cleanup_iteration_21.TestComplaintValidator" name="test_20_char_single_word_accepted" time="0.211"><error message="failed on setup with &quot;AssertionError: order/create failed: 400 {&quot;detail&quot;:&quot;Invalid product. Please refresh and try again.&quot;}&#10;assert 400 == 200&#10; +  where 400 = &lt;Response [400]&gt;.status_code&quot;">backend/tests/test_cleanup_iteration_21.py:49: in test_order
    assert r.status_code == 200, f"order/create failed: {r.status_code} {r.text}"
E   AssertionError: order/create failed: 400 {"detail":"Invalid product. Please refresh and try again."}
E   assert 400 == 200
E    +  where 400 = &lt;Response [400]&gt;.status_code</error></testcase><testcase classname="backend.tests.test_cleanup_iteration_21.TestComplaintValidator" name="test_15_char_rejected_with_char_message" time="0.097"><error message="failed on setup with &quot;AssertionError: order/create failed: 400 {&quot;detail&quot;:&quot;Invalid product. Please refresh and try again.&quot;}&#10;assert 400 == 200&#10; +  where 400 = &lt;Response [400]&gt;.status_code&quot;">backend/tests/test_cleanup_iteration_21.py:49: in test_order
    assert r.status_code == 200, f"order/create failed: {r.status_code} {r.text}"
E   AssertionError: order/create failed: 400 {"detail":"Invalid product. Please refresh and try again."}
E   assert 400 == 200
E    +  where 400 = &lt;Response [400]&gt;.status_code</error></testcase><testcase classname="backend.tests.test_cleanup_iteration_21.TestComplaintValidator" name="test_empty_whatsapp_rejected" time="0.109"><error message="failed on setup with &quot;AssertionError: order/create failed: 400 {&quot;detail&quot;:&quot;Invalid product. Please refresh and try again.&quot;}&#10;assert 400 == 200&#10; +  where 400 = &lt;Response [400]&gt;.status_code&quot;">backend/tests/test_cleanup_iteration_21.py:49: in test_order
    assert r.status_code == 200, f"order/create failed: {r.status_code} {r.text}"
E   AssertionError: order/create failed: 400 {"detail":"Invalid product. Please refresh and try again."}
E   assert 400 == 200
E    +  where 400 = &lt;Response [400]&gt;.status_code</error></testcase><testcase classname="backend.tests.test_cleanup_iteration_21.TestPaymentScreenshotAndStatus" name="test_payment_screenshot_no_nameerror" time="0.112"><error message="failed on setup with &quot;AssertionError: order/create failed: 400 {&quot;detail&quot;:&quot;Invalid product. Please refresh and try again.&quot;}&#10;assert 400 == 200&#10; +  where 400 = &lt;Response [400]&gt;.status_code&quot;">backend/tests/test_cleanup_iteration_21.py:49: in test_order
    assert r.status_code == 200, f"order/create failed: {r.status_code} {r.text}"
E   AssertionError: order/create failed: 400 {"detail":"Invalid product. Please refresh and try again."}
E   assert 400 == 200
E    +  where 400 = &lt;Response [400]&gt;.status_code</error></testcase><testcase classname="backend.tests.test_cleanup_iteration_21.TestPaymentScreenshotAndStatus" name="test_status_update_no_nameerror" time="0.102"><failure message="assert 400 == 200&#10; +  where 400 = &lt;Response [400]&gt;.status_code">backend/tests/test_cleanup_iteration_21.py:135: in test_status_update_no_nameerror
    assert r.status_code == 200
E   assert 400 == 200
E    +  where 400 = &lt;Response [400]&gt;.status_code</failure></testcase><testcase classname="backend.tests.test_cleanup_iteration_21.TestSmtpSettings" name="test_smtp_get" time="0.106" /><testcase classname="backend.tests.test_cleanup_iteration_21.TestPromoCodeCreation" name="test_create_and_get_promo" time="0.330" /><testcase classname="backend.tests.test_cleanup_iteration_21.TestChatbot" name="test_chat_no_nameerror" time="1.288" /><testcase classname="backend.tests.test_cleanup_iteration_21.TestSiteSettingsValidation" name="test_tax_negative_rejected" time="0.102" /><testcase classname="backend.tests.test_cleanup_iteration_21.TestSiteSettingsValidation" name="test_tax_above_100_rejected" time="0.105" /><testcase classname="backend.tests.test_cleanup_iteration_21.TestSiteSettingsValidation" name="test_tax_valid_merged" time="0.213" /><testcase classname="backend.tests.test_cleanup_iteration_21.TestOrderCreateRegression" name="test_full_order_flow" time="0.104"><failure message="assert 400 == 200&#10; +  where 400 = &lt;Response [400]&gt;.status_code">backend/tests/test_cleanup_iteration_21.py:249: in test_full_order_flow
    assert r.status_code == 200
E   assert 400 == 200
E    +  where 400 = &lt;Response [400]&gt;.status_code</failure></testcase></testsuite></testsuites>