<?xml version="1.0" encoding="utf-8"?><testsuites name="pytest tests"><testsuite name="pytest" errors="0" failures="0" skipped="0" tests="9" time="5.034" timestamp="2026-02-15T13:46:41.297147+00:00" hostname="agent-env-94a77b01-58b2-4a56-a467-bd9b8a312737"><testcase classname="backend.tests.test_admin_staff_crud.TestAdminLogin" name="test_admin_login_success" time="0.134" /><testcase classname="backend.tests.test_admin_staff_crud.TestAdminLogin" name="test_admin_login_invalid_credentials" time="0.110" /><testcase classname="backend.tests.test_admin_staff_crud.TestAdminStaffCRUD" name="test_create_staff_member" time="0.241" /><testcase classname="backend.tests.test_admin_staff_crud.TestAdminStaffCRUD" name="test_view_all_staff" time="0.206" /><testcase classname="backend.tests.test_admin_staff_crud.TestAdminStaffCRUD" name="test_update_staff_member" time="0.849" /><testcase classname="backend.tests.test_admin_staff_crud.TestAdminStaffCRUD" name="test_delete_staff_member" time="0.991" /><testcase classname="backend.tests.test_admin_staff_crud.TestAdminStaffCRUD" name="test_cannot_delete_main_admin" time="0.229" /><testcase classname="backend.tests.test_admin_staff_crud.TestAdminStaffCRUD" name="test_staff_cannot_manage_admins" time="1.470" /><testcase classname="backend.tests.test_admin_staff_crud.TestAdminPermissions" name="test_get_permissions" time="0.745" /></testsuite></testsuites>