<?xml version="1.0" encoding="utf-8"?><testsuites name="pytest tests"><testsuite name="pytest" errors="0" failures="0" skipped="0" tests="9" time="6.333" timestamp="2026-07-09T19:27:51.122682+00:00" hostname="agent-env-05c27156-ab1c-4409-aa87-aa9dfe8b9cb4"><testcase classname="backend.tests.test_order_tax_settings" name="test_default_settings_stores_exact_total_180" time="1.493" /><testcase classname="backend.tests.test_order_tax_settings" name="test_tax_10_service_5_stores_203" time="1.096" /><testcase classname="backend.tests.test_order_tax_settings" name="test_default_settings_price_manipulation_rejected" time="0.109" /><testcase classname="backend.tests.test_order_tax_settings" name="test_tax_10_service_5_below_floor_rejected" time="0.106" /><testcase classname="backend.tests.test_order_tax_settings" name="test_tax_10_service_5_within_floor_accepted" time="1.216" /><testcase classname="backend.tests.test_order_tax_settings" name="test_zero_total_still_rejected" time="0.101" /><testcase classname="backend.tests.test_order_tax_settings" name="test_missing_settings_doc_falls_back_to_zero" time="1.246" /><testcase classname="backend.tests.test_order_tax_settings" name="test_admin_can_read_and_update_settings" time="0.726" /><testcase classname="backend.tests.test_order_tax_settings" name="test_admin_settings_requires_auth" time="0.103" /></testsuite></testsuites>